2025-09-29 21:32:23,724 [INFO] Activator:177 - 


2025-09-29 21:32:23,726 [INFO] Activator:178 - !SESSION log4j initialized
2025-09-29 21:32:53,939 [INFO] Activator:177 - 


2025-09-29 21:32:53,940 [INFO] Activator:178 - !SESSION log4j initialized
2025-09-29 21:33:03,671 [INFO] McuFinderGlobals:39 - Set McuFinder mode to 2 (CubeIDE integrated)
2025-09-29 21:33:03,827 [INFO] ApplicationProperties:181 - Using Application install path: C:\ST\STM32CubeIDE_1.7.0\STM32CubeIDE\plugins\com.st.stm32cube.common.mx_6.3.0.202107141111
2025-09-29 21:33:03,838 [INFO] DbMcusXml:74 - Set database path to: C:\ST\STM32CubeIDE_1.7.0\STM32CubeIDE\plugins\com.st.stm32cube.common.mx_6.3.0.202107141111\\db\/mcu/
2025-09-29 21:33:03,841 [INFO] DbBoardsPdsc:56 - Set plugin database path to: C:\ST\STM32CubeIDE_1.7.0\STM32CubeIDE\plugins\com.st.stm32cube.common.mx_6.3.0.202107141111\\db\/plugins/boardmanager/
2025-09-29 21:33:03,841 [INFO] DbMcus:258 - Set plugin images path to: C:\ST\STM32CubeIDE_1.7.0\STM32CubeIDE\plugins\com.st.stm32cube.common.mx_6.3.0.202107141111\\db\/plugins/mcufinder/images/
2025-09-29 21:33:03,842 [INFO] DbBoards:264 - Set plugin images path to: C:\ST\STM32CubeIDE_1.7.0\STM32CubeIDE\plugins\com.st.stm32cube.common.mx_6.3.0.202107141111\\db\/plugins/mcufinder/images/
2025-09-29 21:33:03,844 [INFO] DbExamples:333 - Set plugin images path to: C:\ST\STM32CubeIDE_1.7.0\STM32CubeIDE\plugins\com.st.stm32cube.common.mx_6.3.0.202107141111\\db\/plugins/mcufinder/images/
2025-09-29 21:33:03,848 [INFO] DbMcusAds:119 - Set database path to: C:\Users\User\.stmcufinder\plugins\mcufinder//mcu/
2025-09-29 21:33:03,849 [INFO] DbMcusDocs:110 - Set database path to: C:\Users\User\.stmcufinder\plugins\mcufinder//mcu/
2025-09-29 21:33:03,850 [INFO] DbMcusJson:64 - Set database path to: C:\Users\User\.stmcufinder\plugins\mcufinder//mcu/
2025-09-29 21:33:03,851 [INFO] DbBoardsDocs:110 - Set database path to: C:\Users\User\.stmcufinder\plugins\mcufinder//mcu/
2025-09-29 21:33:03,853 [INFO] DbBoardsJson:57 - Set database path to: C:\Users\User\.stmcufinder\plugins\mcufinder//mcu/
2025-09-29 21:33:03,855 [INFO] CrossReferenceDbSqlite:196 - Set database path to: C:\Users\User\.stmcufinder\plugins\mcufinder//mcu/cs/
2025-09-29 21:33:03,858 [INFO] DbExamplesSqlite:767 - Set database path to: C:\Users\User\.stmcufinder\plugins\mcufinder//mcu/
2025-09-29 21:33:03,933 [INFO] RulesReader:57 - Compatibility file has been processed (242 Rules)
2025-09-29 21:33:04,046 [INFO] DbMcusXml:74 - Set database path to: C:\ST\STM32CubeIDE_1.7.0\STM32CubeIDE\plugins\com.st.stm32cube.common.mx_6.3.0.202107141111\\db\/mcu/
2025-09-29 21:33:04,047 [INFO] DbBoardsPdsc:56 - Set plugin database path to: C:\ST\STM32CubeIDE_1.7.0\STM32CubeIDE\plugins\com.st.stm32cube.common.mx_6.3.0.202107141111\\db\/plugins/boardmanager/
2025-09-29 21:33:04,047 [INFO] DbMcus:258 - Set plugin images path to: C:\ST\STM32CubeIDE_1.7.0\STM32CubeIDE\plugins\com.st.stm32cube.common.mx_6.3.0.202107141111\\db\/plugins/mcufinder/images/
2025-09-29 21:33:04,047 [INFO] DbBoards:264 - Set plugin images path to: C:\ST\STM32CubeIDE_1.7.0\STM32CubeIDE\plugins\com.st.stm32cube.common.mx_6.3.0.202107141111\\db\/plugins/mcufinder/images/
2025-09-29 21:33:04,047 [INFO] DbExamples:333 - Set plugin images path to: C:\ST\STM32CubeIDE_1.7.0\STM32CubeIDE\plugins\com.st.stm32cube.common.mx_6.3.0.202107141111\\db\/plugins/mcufinder/images/
2025-09-29 21:33:04,047 [WARN] DbFile:35 - Overriding database path with different value: C:\Users\User\.stmcufinder\plugins\mcufinder/ => C:\Users\User\.stmcufinder\plugins\mcufinder
2025-09-29 21:33:04,047 [INFO] DbMcusAds:119 - Set database path to: C:\Users\User\.stmcufinder\plugins\mcufinder//mcu/
2025-09-29 21:33:04,047 [WARN] DbFile:35 - Overriding database path with different value: C:\Users\User\.stmcufinder\plugins\mcufinder/ => C:\Users\User\.stmcufinder\plugins\mcufinder
2025-09-29 21:33:04,047 [INFO] DbMcusDocs:110 - Set database path to: C:\Users\User\.stmcufinder\plugins\mcufinder//mcu/
2025-09-29 21:33:04,048 [WARN] DbFile:35 - Overriding database path with different value: C:\Users\User\.stmcufinder\plugins\mcufinder/ => C:\Users\User\.stmcufinder\plugins\mcufinder
2025-09-29 21:33:04,048 [INFO] DbMcusJson:64 - Set database path to: C:\Users\User\.stmcufinder\plugins\mcufinder//mcu/
2025-09-29 21:33:04,048 [WARN] DbFile:35 - Overriding database path with different value: C:\Users\User\.stmcufinder\plugins\mcufinder/ => C:\Users\User\.stmcufinder\plugins\mcufinder
2025-09-29 21:33:04,048 [INFO] DbBoardsDocs:110 - Set database path to: C:\Users\User\.stmcufinder\plugins\mcufinder//mcu/
2025-09-29 21:33:04,048 [WARN] DbFile:35 - Overriding database path with different value: C:\Users\User\.stmcufinder\plugins\mcufinder/ => C:\Users\User\.stmcufinder\plugins\mcufinder
2025-09-29 21:33:04,048 [INFO] DbBoardsJson:57 - Set database path to: C:\Users\User\.stmcufinder\plugins\mcufinder//mcu/
2025-09-29 21:33:04,048 [WARN] DbFile:35 - Overriding database path with different value: C:\Users\User\.stmcufinder\plugins\mcufinder/ => C:\Users\User\.stmcufinder\plugins\mcufinder
2025-09-29 21:33:04,048 [WARN] DbFile:35 - Overriding database path with different value: C:\Users\User\.stmcufinder\plugins\mcufinder/ => C:\Users\User\.stmcufinder\plugins\mcufinder
2025-09-29 21:33:04,048 [INFO] CrossReferenceDbSqlite:196 - Set database path to: C:\Users\User\.stmcufinder\plugins\mcufinder//mcu/cs/
2025-09-29 21:33:04,048 [WARN] DbFile:35 - Overriding database path with different value: C:\Users\User\.stmcufinder\plugins\mcufinder/ => C:\Users\User\.stmcufinder\plugins\mcufinder
2025-09-29 21:33:04,048 [INFO] DbExamplesSqlite:767 - Set database path to: C:\Users\User\.stmcufinder\plugins\mcufinder//mcu/
2025-09-29 21:33:04,122 [INFO] MainPanel:214 - HeapMemory: 268435456
2025-09-29 21:33:04,242 [INFO] DbMcusXml:74 - Set database path to: C:\ST\STM32CubeIDE_1.7.0\STM32CubeIDE\plugins\com.st.stm32cube.common.mx_6.3.0.202107141111\\db\/mcu/
2025-09-29 21:33:04,243 [INFO] DbBoardsPdsc:56 - Set plugin database path to: C:\ST\STM32CubeIDE_1.7.0\STM32CubeIDE\plugins\com.st.stm32cube.common.mx_6.3.0.202107141111\\db\/plugins/boardmanager/
2025-09-29 21:33:04,243 [INFO] DbMcus:258 - Set plugin images path to: C:\ST\STM32CubeIDE_1.7.0\STM32CubeIDE\plugins\com.st.stm32cube.common.mx_6.3.0.202107141111\\db\/plugins/mcufinder/images/
2025-09-29 21:33:04,243 [INFO] DbBoards:264 - Set plugin images path to: C:\ST\STM32CubeIDE_1.7.0\STM32CubeIDE\plugins\com.st.stm32cube.common.mx_6.3.0.202107141111\\db\/plugins/mcufinder/images/
2025-09-29 21:33:04,243 [INFO] DbExamples:333 - Set plugin images path to: C:\ST\STM32CubeIDE_1.7.0\STM32CubeIDE\plugins\com.st.stm32cube.common.mx_6.3.0.202107141111\\db\/plugins/mcufinder/images/
2025-09-29 21:33:04,243 [WARN] DbFile:35 - Overriding database path with different value: C:\Users\User\.stmcufinder\plugins\mcufinder/ => C:\Users\User\.stmcufinder\plugins\mcufinder
2025-09-29 21:33:04,244 [INFO] DbMcusAds:119 - Set database path to: C:\Users\User\.stmcufinder\plugins\mcufinder//mcu/
2025-09-29 21:33:04,244 [WARN] DbFile:35 - Overriding database path with different value: C:\Users\User\.stmcufinder\plugins\mcufinder/ => C:\Users\User\.stmcufinder\plugins\mcufinder
2025-09-29 21:33:04,244 [INFO] DbMcusDocs:110 - Set database path to: C:\Users\User\.stmcufinder\plugins\mcufinder//mcu/
2025-09-29 21:33:04,244 [WARN] DbFile:35 - Overriding database path with different value: C:\Users\User\.stmcufinder\plugins\mcufinder/ => C:\Users\User\.stmcufinder\plugins\mcufinder
2025-09-29 21:33:04,244 [INFO] DbMcusJson:64 - Set database path to: C:\Users\User\.stmcufinder\plugins\mcufinder//mcu/
2025-09-29 21:33:04,244 [WARN] DbFile:35 - Overriding database path with different value: C:\Users\User\.stmcufinder\plugins\mcufinder/ => C:\Users\User\.stmcufinder\plugins\mcufinder
2025-09-29 21:33:04,244 [INFO] DbBoardsDocs:110 - Set database path to: C:\Users\User\.stmcufinder\plugins\mcufinder//mcu/
2025-09-29 21:33:04,244 [WARN] DbFile:35 - Overriding database path with different value: C:\Users\User\.stmcufinder\plugins\mcufinder/ => C:\Users\User\.stmcufinder\plugins\mcufinder
2025-09-29 21:33:04,244 [INFO] DbBoardsJson:57 - Set database path to: C:\Users\User\.stmcufinder\plugins\mcufinder//mcu/
2025-09-29 21:33:04,244 [WARN] DbFile:35 - Overriding database path with different value: C:\Users\User\.stmcufinder\plugins\mcufinder/ => C:\Users\User\.stmcufinder\plugins\mcufinder
2025-09-29 21:33:04,244 [WARN] DbFile:35 - Overriding database path with different value: C:\Users\User\.stmcufinder\plugins\mcufinder/ => C:\Users\User\.stmcufinder\plugins\mcufinder
2025-09-29 21:33:04,245 [INFO] CrossReferenceDbSqlite:196 - Set database path to: C:\Users\User\.stmcufinder\plugins\mcufinder//mcu/cs/
2025-09-29 21:33:04,245 [WARN] DbFile:35 - Overriding database path with different value: C:\Users\User\.stmcufinder\plugins\mcufinder/ => C:\Users\User\.stmcufinder\plugins\mcufinder
2025-09-29 21:33:04,245 [INFO] DbExamplesSqlite:767 - Set database path to: C:\Users\User\.stmcufinder\plugins\mcufinder//mcu/
2025-09-29 21:33:04,262 [INFO] ApplicationProperties:181 - Using Application install path: C:\ST\STM32CubeIDE_1.7.0\STM32CubeIDE\plugins\com.st.stm32cube.common.mx_6.3.0.202107141111
2025-09-29 21:33:04,263 [INFO] PluginManage:188 - Search for loadable plugins [exclusion list=, ]
2025-09-29 21:33:04,264 [INFO] PluginManage:302 - Check plugin analytics
2025-09-29 21:33:04,423 [INFO] AnalyticsPlugin:257 - Accepted Software Licenses: 
2025-09-29 21:33:04,423 [INFO] AnalyticsPlugin:259 - Accepted CMSIS Pack Licenses: 
2025-09-29 21:33:04,424 [INFO] AnalyticsPlugin:261 - Accepted Firmware Licenses: 
2025-09-29 21:33:04,424 [INFO] PluginManage:352 - Loaded plugin analytics (category:tool,tabindex:-1)
2025-09-29 21:33:04,424 [INFO] PluginManage:302 - Check plugin clock
2025-09-29 21:33:04,442 [INFO] PluginManage:352 - Loaded plugin clock (category:base,tabindex:2)
2025-09-29 21:33:04,442 [INFO] PluginManage:302 - Check plugin ddr
2025-09-29 21:33:04,444 [INFO] PluginManage:352 - Loaded plugin ddr (category:tool,tabindex:6)
2025-09-29 21:33:04,444 [INFO] PluginManage:302 - Check plugin filemanager
2025-09-29 21:33:04,568 [INFO] PluginManage:352 - Loaded plugin filemanager (category:base,tabindex:10)
2025-09-29 21:33:04,568 [INFO] PluginManage:302 - Check plugin ipmanager
2025-09-29 21:33:04,576 [INFO] PluginManage:352 - Loaded plugin ipmanager (category:base,tabindex:5)
2025-09-29 21:33:04,576 [INFO] PluginManage:302 - Check plugin pinoutandconfiguration
2025-09-29 21:33:04,584 [INFO] PluginManage:352 - Loaded plugin pinoutandconfiguration (category:base,tabindex:1)
2025-09-29 21:33:04,584 [INFO] PluginManage:302 - Check plugin pinoutconfig
2025-09-29 21:33:04,608 [INFO] PluginManage:352 - Loaded plugin pinoutconfig (category:base,tabindex:0)
2025-09-29 21:33:04,608 [INFO] PluginManage:302 - Check plugin power
2025-09-29 21:33:04,619 [INFO] PluginManage:352 - Loaded plugin power (category:power,tabindex:4)
2025-09-29 21:33:04,619 [INFO] PluginManage:302 - Check plugin projectmanager
2025-09-29 21:33:04,632 [INFO] PluginManage:352 - Loaded plugin projectmanager (category:projectmanager,tabindex:3)
2025-09-29 21:33:04,632 [INFO] PluginManage:302 - Check plugin thirdparty
2025-09-29 21:33:04,742 [INFO] PluginManage:352 - Loaded plugin thirdparty (category:base,tabindex:-1)
2025-09-29 21:33:04,742 [WARN] IntegrityCheckThread:78 - waiting for thirdparty lock release [integrity check]
2025-09-29 21:33:04,742 [INFO] IntegrityCheckThread:80 - entering critical section [integrity check]
2025-09-29 21:33:04,742 [INFO] PluginManage:302 - Check plugin tools
2025-09-29 21:33:04,742 [INFO] ThirdPartyUpdaterWithRetryManager:66 - Updater plugin not ready yet. [1/15]
2025-09-29 21:33:04,745 [INFO] PluginManage:352 - Loaded plugin tools (category:base,tabindex:7)
2025-09-29 21:33:04,745 [INFO] PluginManage:302 - Check plugin tutovideos
2025-09-29 21:33:04,943 [INFO] PluginManage:352 - Loaded plugin tutovideos (category:base,tabindex:-1)
2025-09-29 21:33:04,943 [INFO] PluginManage:302 - Check plugin updater
2025-09-29 21:33:04,959 [INFO] PluginManage:352 - Loaded plugin updater (category:base,tabindex:12)
2025-09-29 21:33:04,959 [INFO] PluginManage:275 - PluginManage : Loaded plugins [13]
2025-09-29 21:33:05,160 [INFO] PinOutPanel:1463 - setPackage(No Configuration,No Configuration)
2025-09-29 21:33:05,254 [INFO] IPUIPlugin:74 - create IPUIPlugin
2025-09-29 21:33:05,255 [INFO] PluginManager:213 - loadIPPluginJar : add adc
2025-09-29 21:33:05,259 [INFO] IPUIPlugin:74 - create IPUIPlugin
2025-09-29 21:33:05,259 [INFO] PluginManager:213 - loadIPPluginJar : add aes
2025-09-29 21:33:05,263 [INFO] IPUIPlugin:74 - create IPUIPlugin
2025-09-29 21:33:05,264 [INFO] PluginManager:213 - loadIPPluginJar : add can
2025-09-29 21:33:05,266 [INFO] IPUIPlugin:74 - create IPUIPlugin
2025-09-29 21:33:05,267 [INFO] PluginManager:213 - loadIPPluginJar : add comp
2025-09-29 21:33:05,270 [INFO] IPUIPlugin:74 - create IPUIPlugin
2025-09-29 21:33:05,271 [INFO] PluginManager:213 - loadIPPluginJar : add cryp
2025-09-29 21:33:05,275 [INFO] IPUIPlugin:74 - create IPUIPlugin
2025-09-29 21:33:05,275 [INFO] PluginManager:213 - loadIPPluginJar : add dfsdm
2025-09-29 21:33:05,285 [INFO] IPUIPlugin:74 - create IPUIPlugin
2025-09-29 21:33:05,286 [INFO] PluginManager:213 - loadIPPluginJar : add dma
2025-09-29 21:33:05,289 [INFO] IPUIPlugin:74 - create IPUIPlugin
2025-09-29 21:33:05,290 [INFO] PluginManager:213 - loadIPPluginJar : add dma3
2025-09-29 21:33:05,293 [INFO] IPUIPlugin:74 - create IPUIPlugin
2025-09-29 21:33:05,293 [INFO] PluginManager:213 - loadIPPluginJar : add fatfs
2025-09-29 21:33:05,300 [INFO] IPUIPlugin:74 - create IPUIPlugin
2025-09-29 21:33:05,301 [INFO] PluginManager:213 - loadIPPluginJar : add fmc
2025-09-29 21:33:05,310 [INFO] IPUIPlugin:74 - create IPUIPlugin
2025-09-29 21:33:05,310 [INFO] PluginManager:213 - loadIPPluginJar : add freertos
2025-09-29 21:33:05,314 [INFO] IPUIPlugin:74 - create IPUIPlugin
2025-09-29 21:33:05,314 [INFO] PluginManager:213 - loadIPPluginJar : add genericplugin
2025-09-29 21:33:05,318 [INFO] IPUIPlugin:74 - create IPUIPlugin
2025-09-29 21:33:05,318 [INFO] PluginManager:213 - loadIPPluginJar : add gfxmmu
2025-09-29 21:33:05,326 [INFO] IPUIPlugin:74 - create IPUIPlugin
2025-09-29 21:33:05,326 [INFO] PluginManager:213 - loadIPPluginJar : add gic
2025-09-29 21:33:05,333 [INFO] IPUIPlugin:74 - create IPUIPlugin
2025-09-29 21:33:05,333 [INFO] PluginManager:213 - loadIPPluginJar : add gpio
2025-09-29 21:33:05,338 [INFO] IPUIPlugin:74 - create IPUIPlugin
2025-09-29 21:33:05,338 [INFO] PluginManager:213 - loadIPPluginJar : add gtzc
2025-09-29 21:33:05,343 [INFO] IPUIPlugin:74 - create IPUIPlugin
2025-09-29 21:33:05,343 [INFO] PluginManager:213 - loadIPPluginJar : add hash
2025-09-29 21:33:05,347 [INFO] IPUIPlugin:74 - create IPUIPlugin
2025-09-29 21:33:05,347 [INFO] PluginManager:213 - loadIPPluginJar : add i2c
2025-09-29 21:33:05,351 [INFO] IPUIPlugin:74 - create IPUIPlugin
2025-09-29 21:33:05,352 [INFO] PluginManager:213 - loadIPPluginJar : add i2s
2025-09-29 21:33:05,355 [INFO] IPUIPlugin:74 - create IPUIPlugin
2025-09-29 21:33:05,355 [INFO] PluginManager:213 - loadIPPluginJar : add ipddr
2025-09-29 21:33:05,362 [INFO] IPUIPlugin:74 - create IPUIPlugin
2025-09-29 21:33:05,362 [INFO] PluginManager:213 - loadIPPluginJar : add linkedlist
2025-09-29 21:33:05,365 [INFO] IPUIPlugin:74 - create IPUIPlugin
2025-09-29 21:33:05,365 [INFO] PluginManager:213 - loadIPPluginJar : add lorawan
2025-09-29 21:33:05,367 [INFO] IPUIPlugin:74 - create IPUIPlugin
2025-09-29 21:33:05,367 [INFO] PluginManager:213 - loadIPPluginJar : add ltdc
2025-09-29 21:33:05,371 [INFO] IPUIPlugin:74 - create IPUIPlugin
2025-09-29 21:33:05,371 [INFO] PluginManager:213 - loadIPPluginJar : add mdma
2025-09-29 21:33:05,375 [INFO] IPUIPlugin:74 - create IPUIPlugin
2025-09-29 21:33:05,376 [INFO] PluginManager:213 - loadIPPluginJar : add nvic
2025-09-29 21:33:05,380 [INFO] IPUIPlugin:74 - create IPUIPlugin
2025-09-29 21:33:05,380 [INFO] PluginManager:213 - loadIPPluginJar : add opamp
2025-09-29 21:33:05,386 [INFO] IPUIPlugin:74 - create IPUIPlugin
2025-09-29 21:33:05,386 [INFO] PluginManager:213 - loadIPPluginJar : add openamp
2025-09-29 21:33:05,391 [INFO] IPUIPlugin:74 - create IPUIPlugin
2025-09-29 21:33:05,391 [INFO] PluginManager:213 - loadIPPluginJar : add pdm2pcm
2025-09-29 21:33:05,402 [INFO] IPUIPlugin:74 - create IPUIPlugin
2025-09-29 21:33:05,405 [INFO] PluginManager:213 - loadIPPluginJar : add plateformsettings
2025-09-29 21:33:05,408 [INFO] IPUIPlugin:74 - create IPUIPlugin
2025-09-29 21:33:05,408 [INFO] PluginManager:213 - loadIPPluginJar : add quadspi
2025-09-29 21:33:05,412 [INFO] IPUIPlugin:74 - create IPUIPlugin
2025-09-29 21:33:05,412 [INFO] PluginManager:213 - loadIPPluginJar : add resmgrutility
2025-09-29 21:33:05,414 [INFO] IPUIPlugin:74 - create IPUIPlugin
2025-09-29 21:33:05,415 [INFO] PluginManager:213 - loadIPPluginJar : add sai
2025-09-29 21:33:05,417 [INFO] IPUIPlugin:74 - create IPUIPlugin
2025-09-29 21:33:05,417 [INFO] PluginManager:213 - loadIPPluginJar : add spi
2025-09-29 21:33:05,422 [INFO] IPUIPlugin:74 - create IPUIPlugin
2025-09-29 21:33:05,422 [INFO] PluginManager:213 - loadIPPluginJar : add stm32_wpan
2025-09-29 21:33:05,424 [INFO] IPUIPlugin:74 - create IPUIPlugin
2025-09-29 21:33:05,424 [INFO] PluginManager:213 - loadIPPluginJar : add tim
2025-09-29 21:33:05,427 [INFO] IPUIPlugin:74 - create IPUIPlugin
2025-09-29 21:33:05,427 [INFO] PluginManager:213 - loadIPPluginJar : add touchsensing
2025-09-29 21:33:05,429 [INFO] IPUIPlugin:74 - create IPUIPlugin
2025-09-29 21:33:05,429 [INFO] PluginManager:213 - loadIPPluginJar : add tracer_emb
2025-09-29 21:33:05,431 [INFO] IPUIPlugin:74 - create IPUIPlugin
2025-09-29 21:33:05,431 [INFO] PluginManager:213 - loadIPPluginJar : add ts
2025-09-29 21:33:05,433 [INFO] IPUIPlugin:74 - create IPUIPlugin
2025-09-29 21:33:05,433 [INFO] PluginManager:213 - loadIPPluginJar : add tsc
2025-09-29 21:33:05,435 [INFO] IPUIPlugin:74 - create IPUIPlugin
2025-09-29 21:33:05,435 [INFO] PluginManager:213 - loadIPPluginJar : add ucpd
2025-09-29 21:33:05,438 [INFO] IPUIPlugin:74 - create IPUIPlugin
2025-09-29 21:33:05,438 [INFO] PluginManager:213 - loadIPPluginJar : add usart
2025-09-29 21:33:05,440 [INFO] IPUIPlugin:74 - create IPUIPlugin
2025-09-29 21:33:05,440 [INFO] PluginManager:213 - loadIPPluginJar : add usbx
2025-09-29 21:33:05,769 [FATAL] Updater:294 - Updater called before beeing initialized
2025-09-29 21:33:05,885 [FATAL] Updater:294 - Updater called before beeing initialized
2025-09-29 21:33:05,889 [INFO] DbMcusAds:47 - JSON generation date=Tue Jul 08 15:14:23 ICT 2025 (1751962463524)
2025-09-29 21:33:05,890 [FATAL] Updater:294 - Updater called before beeing initialized
2025-09-29 21:33:05,968 [WARN] DetailPanel:314 - Failed to get advertising image, set to default
2025-09-29 21:33:06,105 [FATAL] Updater:294 - Updater called before beeing initialized
2025-09-29 21:33:06,108 [FATAL] Updater:294 - Updater called before beeing initialized
2025-09-29 21:33:06,108 [FATAL] Updater:294 - Updater called before beeing initialized
2025-09-29 21:33:06,108 [WARN] DetailPanel:314 - Failed to get advertising image, set to default
2025-09-29 21:33:06,109 [FATAL] Updater:294 - Updater called before beeing initialized
2025-09-29 21:33:06,148 [ERROR] Updater:1075 - MainUpdater not yet initialized. External WinMGr cannot be set.
2025-09-29 21:33:06,150 [INFO] Updater:1012 - Updater Version found : 6.3.0
2025-09-29 21:33:06,168 [INFO] ApplicationProperties:181 - Using Application install path: C:\ST\STM32CubeIDE_1.7.0\STM32CubeIDE\plugins\com.st.stm32cube.common.mx_6.3.0.202107141111
2025-09-29 21:33:07,330 [INFO] MainUpdater:2671 - connection check result : 10
2025-09-29 21:33:07,330 [INFO] MainUpdater:265 - Updater Check For Update Now.
2025-09-29 21:33:07,332 [INFO] MicroXplorer:478 - Change Database Version : DB.6.0.30
2025-09-29 21:33:07,513 [INFO] CheckServerUpdateThread:112 - End of CheckServer Thread
2025-09-29 21:33:07,556 [INFO] MainUpdater:2671 - connection check result : 10
2025-09-29 21:33:07,819 [INFO] McuFinderGlobals:52 - Set McuFinderConnectedMode to false
2025-09-29 21:33:07,936 [INFO] CrossSelectorPresenter:1330 - Cross Selector saved comparison directory: C:\Users\User\.stmcufinder\plugins\mcufinder\mcu\cs_comparisons_mx
2025-09-29 21:33:07,942 [INFO] MultiScanPanel:197 - Auto-refresh data requested => check proxy status ongoing
2025-09-29 21:33:07,942 [INFO] MultiScanPanel:201 - Proxy status is invalid
2025-09-29 21:33:07,946 [INFO] FinderPluginLoader:87 - Searching for filters in installed packs
2025-09-29 21:33:07,947 [INFO] DbMcusXml:100 - Load MCU database from C:\ST\STM32CubeIDE_1.7.0\STM32CubeIDE\plugins\com.st.stm32cube.common.mx_6.3.0.202107141111\\db\/mcu/families.xml
2025-09-29 21:33:07,948 [ERROR] Engine:463 - C:\Users\User\.stm32cubemx\thirdparties\pdsc\STMicroelectronics.FP-SNS-MOTENVWB1.1.4.0.pdsc: PDSC version is not supported
2025-09-29 21:33:07,995 [WARN] PackLoader:238 - Cannot read IP mode file for STMicroelectronics.FP-ATR-ASTRA1.2.0.2
2025-09-29 21:33:08,002 [ERROR] Engine:463 - C:\Users\User\.stm32cubemx\thirdparties\pdsc\STMicroelectronics.X-CUBE-SMBUS.2.1.0.pdsc: PDSC version is not supported
2025-09-29 21:33:08,005 [ERROR] Engine:463 - C:\Users\User\.stm32cubemx\thirdparties\pdsc\STMicroelectronics.X-CUBE-ST60.1.0.0.pdsc: PDSC version is not supported
2025-09-29 21:33:08,032 [WARN] PackLoader:238 - Cannot read IP mode file for STMicroelectronics.X-CUBE-AZRTOS-F7.1.1.0
2025-09-29 21:33:08,042 [ERROR] Engine:463 - C:\Users\User\.stm32cubemx\thirdparties\pdsc\WES.I-CUBE-Cesium.1.4.0.pdsc: PDSC version is not supported
2025-09-29 21:33:08,048 [ERROR] Engine:463 - C:\Users\User\.stm32cubemx\thirdparties\pdsc\Infineon.AIROC-Wi-Fi-Bluetooth-STM32.1.7.1.pdsc: PDSC version is not supported
2025-09-29 21:33:08,072 [WARN] PackLoader:238 - Cannot read IP mode file for STMicroelectronics.X-CUBE-AZRTOS-H7.3.4.0
2025-09-29 21:33:08,080 [ERROR] Engine:463 - C:\Users\User\.stm32cubemx\thirdparties\pdsc\STMicroelectronics.X-CUBE-DISPLAY.3.0.0.pdsc: PDSC version is not supported
2025-09-29 21:33:08,086 [WARN] PackLoader:238 - Cannot read IP mode file for STMicroelectronics.X-CUBE-NFC10.1.0.0
2025-09-29 21:33:08,098 [ERROR] Engine:463 - C:\Users\User\.stm32cubemx\thirdparties\pdsc\emotas.I-CUBE-CANOPEN.1.3.0.pdsc: PDSC version is not supported
2025-09-29 21:33:08,100 [ERROR] Engine:463 - C:\Users\User\.stm32cubemx\thirdparties\pdsc\STMicroelectronics.FP-SNS-SMARTAG2.1.2.0.pdsc: PDSC version is not supported
2025-09-29 21:33:08,104 [ERROR] Engine:463 - C:\Users\User\.stm32cubemx\thirdparties\pdsc\STMicroelectronics.FP-SNS-FLIGHT1.5.1.0.pdsc: PDSC version is not supported
2025-09-29 21:33:08,114 [INFO] LogOutputStream:76 - [STDOUT_REDIRECT] 1 : Invalid condition id : UX_CORESTACK_Condition cause : null
2025-09-29 21:33:08,115 [INFO] LogOutputStream:76 - [STDOUT_REDIRECT] 1 : Invalid condition id : UX_CORESTACK_Condition cause : null
2025-09-29 21:33:08,116 [INFO] LogOutputStream:76 - [STDOUT_REDIRECT] 1 : Invalid condition id : UX_CORESTACK_Condition cause : null
2025-09-29 21:33:08,117 [INFO] LogOutputStream:76 - [STDOUT_REDIRECT] 1 : Invalid condition id : UX_CORESTACK_Condition cause : null
2025-09-29 21:33:08,117 [INFO] LogOutputStream:76 - [STDOUT_REDIRECT] 1 : Invalid condition id : UX_CORESTACK_Condition cause : null
2025-09-29 21:33:08,120 [WARN] PackLoader:238 - Cannot read IP mode file for STMicroelectronics.X-CUBE-AZRTOS-WL.2.0.0
2025-09-29 21:33:08,124 [ERROR] Engine:463 - C:\Users\User\.stm32cubemx\thirdparties\pdsc\STMicroelectronics.FP-SNS-MOTENV1.5.0.0.pdsc: PDSC version is not supported
2025-09-29 21:33:08,128 [WARN] PackLoader:238 - Cannot read IP mode file for STMicroelectronics.X-CUBE-BLE2.3.3.0
2025-09-29 21:33:08,134 [WARN] PackLoader:238 - Cannot read IP mode file for STMicroelectronics.X-CUBE-NFC9.1.0.0
2025-09-29 21:33:08,139 [WARN] PackLoader:238 - Cannot read IP mode file for wolfSSL.I-CUBE-wolfSSL.5.8.2
2025-09-29 21:33:08,144 [WARN] PackLoader:238 - Cannot read IP mode file for STMicroelectronics.X-CUBE-BLE1.7.1.0
2025-09-29 21:33:08,147 [WARN] PackLoader:238 - Cannot read IP mode file for wolfSSL.I-CUBE-wolfMQTT.1.19.2
2025-09-29 21:33:08,152 [WARN] PackLoader:238 - Cannot read IP mode file for STMicroelectronics.X-CUBE-EEPRMA1.5.2.0
2025-09-29 21:33:08,180 [WARN] PackLoader:238 - Cannot read IP mode file for STMicroelectronics.X-CUBE-AZRTOS-G0.1.1.0
2025-09-29 21:33:08,191 [WARN] PackLoader:238 - Cannot read IP mode file for STMicroelectronics.X-CUBE-SAFEA1.1.2.2
2025-09-29 21:33:08,213 [WARN] PackLoader:238 - Cannot read IP mode file for STMicroelectronics.X-CUBE-NFC4.3.0.0
2025-09-29 21:33:08,218 [ERROR] Engine:463 - C:\Users\User\.stm32cubemx\thirdparties\pdsc\EmbeddedOffice.I-CUBE-FS-RTOS.1.0.1.pdsc: PDSC version is not supported
2025-09-29 21:33:08,224 [WARN] PackLoader:238 - Cannot read IP mode file for STMicroelectronics.X-CUBE-WB05N.2.0.0
2025-09-29 21:33:08,228 [WARN] PackLoader:238 - Cannot read IP mode file for wolfSSL.I-CUBE-wolfTPM.3.8.0
2025-09-29 21:33:08,231 [ERROR] Engine:463 - C:\Users\User\.stm32cubemx\thirdparties\pdsc\STMicroelectronics.X-CUBE-TCPP.4.2.0.pdsc: PDSC version is not supported
2025-09-29 21:33:08,232 [ERROR] Engine:463 - C:\Users\User\.stm32cubemx\thirdparties\pdsc\RealThread.X-CUBE-RT-Thread_Nano.4.1.1.pdsc: PDSC version is not supported
2025-09-29 21:33:08,235 [WARN] PackLoader:238 - Cannot read IP mode file for STMicroelectronics.FP-ATR-SIGFOX1.3.2.0
2025-09-29 21:33:08,248 [ERROR] Engine:463 - C:\Users\User\.stm32cubemx\thirdparties\pdsc\ITTIA_DB.I-CUBE-ITTIADB.8.9.0.pdsc: PDSC version is not supported
2025-09-29 21:33:08,256 [ERROR] Engine:463 - C:\Users\User\.stm32cubemx\thirdparties\pdsc\STMicroelectronics.X-CUBE-ST67W61.1.0.0.pdsc: PDSC version is not supported
2025-09-29 21:33:08,282 [WARN] PackLoader:238 - Cannot read IP mode file for SEGGER.I-CUBE-embOS.1.3.1
2025-09-29 21:33:08,350 [WARN] PackLoader:238 - Cannot read IP mode file for STMicroelectronics.X-CUBE-ALGOBUILD.1.4.0
2025-09-29 21:33:08,442 [WARN] PackLoader:238 - Cannot read IP mode file for STMicroelectronics.X-CUBE-MEMS1.11.3.0
2025-09-29 21:33:08,678 [WARN] PackLoader:238 - Cannot read IP mode file for STMicroelectronics.X-CUBE-PM33A1.1.0.0
2025-09-29 21:33:08,697 [WARN] PackLoader:238 - Cannot read IP mode file for STMicroelectronics.X-CUBE-AZRTOS-F4.1.1.0
2025-09-29 21:33:08,697 [INFO] DbMcusJson:93 - JSON generation date=Tue Nov 16 23:17:54 ICT 2021 (1637079474)
2025-09-29 21:33:08,703 [ERROR] Engine:463 - C:\Users\User\.stm32cubemx\thirdparties\pdsc\Avnet-IotConnect.X-CUBE-IoTC-DA16k-PMOD.1.0.0.pdsc: PDSC version is not supported
2025-09-29 21:33:08,706 [WARN] PackLoader:238 - Cannot read IP mode file for STMicroelectronics.X-CUBE-ISPU.2.1.0
2025-09-29 21:33:08,712 [WARN] PackLoader:238 - Cannot read IP mode file for STMicroelectronics.X-CUBE-NFC12.1.0.0
2025-09-29 21:33:08,727 [WARN] PackLoader:238 - Cannot read IP mode file for STMicroelectronics.X-CUBE-AZRTOS-L5.2.0.0
2025-09-29 21:33:08,736 [WARN] PackLoader:238 - Cannot read IP mode file for STMicroelectronics.X-CUBE-NFC6.3.1.0
2025-09-29 21:33:08,741 [ERROR] Engine:463 - C:\Users\User\.stm32cubemx\thirdparties\pdsc\STMicroelectronics.X-CUBE-FREERTOS.1.3.1.pdsc: PDSC version is not supported
2025-09-29 21:33:08,742 [ERROR] Engine:463 - C:\Users\User\.stm32cubemx\thirdparties\pdsc\STMicroelectronics.X-CUBE-DPower.1.3.0.pdsc: PDSC version is not supported
2025-09-29 21:33:08,766 [WARN] ConditionMgr:437 - getConditionDescription Invalid condition id : LAN8742 Phy interface Condition cause : null
2025-09-29 21:33:08,767 [WARN] PackLoader:238 - Cannot read IP mode file for STMicroelectronics.X-CUBE-AZRTOS-L4.2.0.0
2025-09-29 21:33:08,768 [WARN] ConditionMgr:1038 - genDependencies : Invalid condition id : LAN8742 Phy interface Condition cause : null
2025-09-29 21:33:08,769 [WARN] ConditionMgr:1038 - genDependencies : Invalid condition id : LAN8742 Phy interface Condition cause : null
2025-09-29 21:33:08,769 [WARN] ConditionMgr:1038 - genDependencies : Invalid condition id : LAN8742 Phy interface Condition cause : null
2025-09-29 21:33:08,781 [WARN] PackLoader:238 - Cannot read IP mode file for STMicroelectronics.X-CUBE-SFXS2LP1.4.0.0
2025-09-29 21:33:08,786 [ERROR] Engine:463 - C:\Users\User\.stm32cubemx\thirdparties\pdsc\STMicroelectronics.X-CUBE-BLEMGR.4.1.0.pdsc: PDSC version is not supported
2025-09-29 21:33:08,797 [WARN] ConditionMgr:437 - getConditionDescription Invalid condition id : UX DEVICE CLASS RTOS Condition cause : null
2025-09-29 21:33:08,797 [WARN] ConditionMgr:437 - getConditionDescription Invalid condition id : UX DEVICE CLASS RTOS Condition cause : null
2025-09-29 21:33:08,799 [WARN] PackLoader:238 - Cannot read IP mode file for STMicroelectronics.X-CUBE-AZRTOS-WB.2.0.0
2025-09-29 21:33:08,799 [WARN] ConditionMgr:1038 - genDependencies : Invalid condition id : UX DEVICE CLASS RTOS Condition cause : null
2025-09-29 21:33:08,799 [WARN] ConditionMgr:1038 - genDependencies : Invalid condition id : UX DEVICE CLASS RTOS Condition cause : null
2025-09-29 21:33:08,800 [WARN] ConditionMgr:1038 - genDependencies : Invalid condition id : UX DEVICE CLASS RTOS Condition cause : null
2025-09-29 21:33:08,800 [WARN] ConditionMgr:1038 - genDependencies : Invalid condition id : UX DEVICE CLASS RTOS Condition cause : null
2025-09-29 21:33:08,800 [WARN] ConditionMgr:1038 - genDependencies : Invalid condition id : UX DEVICE CLASS RTOS Condition cause : null
2025-09-29 21:33:08,805 [WARN] PackLoader:238 - Cannot read IP mode file for STMicroelectronics.X-CUBE-GNSS1.7.0.1
2025-09-29 21:33:08,811 [WARN] PackLoader:238 - Cannot read IP mode file for STMicroelectronics.X-CUBE-TOUCHGFX.4.25.0
2025-09-29 21:33:08,814 [ERROR] Engine:463 - C:\Users\User\.stm32cubemx\thirdparties\pdsc\quantropi.X-CUBE-qispace-sdk-base.2.1.0.pdsc: PDSC version is not supported
2025-09-29 21:33:08,824 [WARN] PackLoader:238 - Cannot read IP mode file for STMicroelectronics.X-CUBE-SUBG2.5.0.0
2025-09-29 21:33:08,846 [WARN] PackLoader:238 - Cannot read IP mode file for STMicroelectronics.X-CUBE-AZRTOS-H7RS.1.1.0
2025-09-29 21:33:08,851 [ERROR] Engine:463 - C:\Users\User\.stm32cubemx\thirdparties\pdsc\Cesanta.I-CUBE-Mongoose.7.13.0.pdsc: PDSC version is not supported
2025-09-29 21:33:08,890 [WARN] PackLoader:238 - Cannot read IP mode file for STMicroelectronics.X-CUBE-AZRTOS-G4.2.0.0
2025-09-29 21:33:08,899 [WARN] PackLoader:238 - Cannot read IP mode file for wolfSSL.I-CUBE-wolfSSH.1.4.20
2025-09-29 21:33:08,908 [WARN] PackLoader:238 - Cannot read IP mode file for STMicroelectronics.X-CUBE-NFC7.2.0.0
2025-09-29 21:33:08,920 [ERROR] Engine:463 - C:\Users\User\.stm32cubemx\thirdparties\pdsc\STMicroelectronics.X-CUBE-IPS.3.1.0.pdsc: PDSC version is not supported
2025-09-29 21:33:08,929 [ERROR] Engine:463 - C:\Users\User\.stm32cubemx\thirdparties\pdsc\STMicroelectronics.X-CUBE-ALS.1.0.2.pdsc: PDSC version is not supported
2025-09-29 21:33:08,941 [WARN] PackLoader:238 - Cannot read IP mode file for STMicroelectronics.X-CUBE-STSE01.1.0.0
2025-09-29 21:33:08,954 [ERROR] Engine:463 - C:\Users\User\.stm32cubemx\thirdparties\pdsc\STMicroelectronics.X-CUBE-TOF1.3.4.3.pdsc: PDSC version is not supported
2025-09-29 21:33:08,955 [INFO] ThirdParty:915 - Integrity check success = true
2025-09-29 21:33:08,955 [INFO] IntegrityCheckThread:94 - exiting critical section [integrity check]
2025-09-29 21:33:08,955 [INFO] IntegrityCheckThread:97 - End integrity checks thread
2025-09-29 21:33:09,223 [INFO] DbMcus:175 - Found 1951 MCUs (1903 are supported by CubeMX, 1914 are visible in CubeMX)
2025-09-29 21:33:09,224 [INFO] ApiDb:251 - Load user favorites file C:\Users\User/.stm32cubeide/favorites.mcus.txt: 2 item(s)
2025-09-29 21:33:09,224 [INFO] ApiDb:255 - User favorites MCUs=[STM32F103C6Ux, STM32F103RBTx]
2025-09-29 21:33:09,224 [INFO] DbMcus:187 - Set 2 / 2 favorites MCUs
2025-09-29 21:33:09,768 [INFO] DetailPanel:309 - Set advertising image to C:/Users/User/STM32Cube/Repository/\en.2400x1350px.jpeg
2025-09-29 21:33:10,189 [INFO] DbBoardsPdsc:90 - Found 25 items
2025-09-29 21:33:10,192 [INFO] DbBoardsPdsc:90 - Found 9 items
2025-09-29 21:33:10,195 [INFO] DbBoardsPdsc:90 - Found 33 items
2025-09-29 21:33:10,196 [INFO] DbBoardsPdsc:90 - Found 1 items
2025-09-29 21:33:10,202 [INFO] DbBoardsPdsc:90 - Found 48 items
2025-09-29 21:33:10,209 [INFO] DbBoardsPdsc:90 - Found 43 items
2025-09-29 21:33:10,210 [INFO] DbBoardsPdsc:90 - Found 2 items
2025-09-29 21:33:10,211 [INFO] DbBoardsPdsc:90 - Found 5 items
2025-09-29 21:33:10,215 [WARN] DbBoardsPdsc:254 - Board STM32H7B3I-DK: unknown feature type=Audio, name=, username=Audio stereo codec with Headphone Amp (CS42L51-CNZ), n=1
2025-09-29 21:33:10,216 [WARN] DbBoardsPdsc:254 - Board STM32H735G-DK: unknown feature type=Audio, name=, username=Audio stereo codec with Headphone Amp (WM8994ECS/R), n=1
2025-09-29 21:33:10,218 [WARN] DbBoardsPdsc:254 - Board STM32H7B3I-EVAL: unknown feature type=Audio, name=, username=Multi-Channel Audio Codec (CS42L51-CNZ), n=1
2025-09-29 21:33:10,218 [WARN] DbBoardsPdsc:254 - Board STM32H7B3I-EVAL: unknown feature type=Meter, name=, username=Power-metering and Temperature-monitoring with sigma-delta modulators, n=1
2025-09-29 21:33:10,218 [WARN] DbBoardsPdsc:254 - Board STM32H7B3I-EVAL: unknown feature type=Motor, name=, username=Motor Control, n=1
2025-09-29 21:33:10,218 [WARN] DbBoardsPdsc:254 - Board STM32U575I-EV: unknown feature type=joystick, name=, username=4-direction joystick with selection button, n=1
2025-09-29 21:33:10,242 [INFO] DbBoardsJson:86 - JSON generation date=Tue Nov 16 23:17:54 ICT 2021 (1637079474)
2025-09-29 21:33:10,246 [INFO] DbBoards:117 - Found 167 boards (163 are supported by CubeMX)
2025-09-29 21:33:10,249 [INFO] DbBoardsDocs:143 - JSON generation date=Tue Nov 16 23:17:54 ICT 2021 (1637079474)
2025-09-29 21:33:10,254 [INFO] DbBoardsDocs:79 - Found 209 boards documents
2025-09-29 21:33:10,254 [WARN] DbBoards:127 - board B-L475E-IOT01A2 has no document id list !
2025-09-29 21:33:10,256 [WARN] DbBoards:127 - board NUCLEO-H743ZI has no document id list !
2025-09-29 21:33:10,257 [WARN] DbBoards:127 - board NUCLEO-WL55JC2 has no document id list !
2025-09-29 21:33:10,257 [WARN] DbBoards:127 - board P-NUCLEO-WB55-Nucleo has no document id list !
2025-09-29 21:33:10,257 [WARN] DbBoards:127 - board P-NUCLEO-WB55-USBDongle has no document id list !
2025-09-29 21:33:10,257 [WARN] DbBoards:127 - board STEVAL-BFA001V1B has no document id list !
2025-09-29 21:33:10,257 [WARN] DbBoards:127 - board STEVAL-BFA001V2B has no document id list !
2025-09-29 21:33:10,257 [WARN] DbBoards:127 - board STEVAL-IDP005V1 has no document id list !
2025-09-29 21:33:10,257 [WARN] DbBoards:127 - board STEVAL-IDP005V2 has no document id list !
2025-09-29 21:33:10,257 [WARN] DbBoards:127 - board STEVAL-MKSBOX1V1 has no document id list !
2025-09-29 21:33:10,257 [WARN] DbBoards:127 - board STEVAL-STWINKT1 has no document id list !
2025-09-29 21:33:10,257 [WARN] DbBoards:127 - board STEVAL-STWINKT1B has no document id list !
2025-09-29 21:33:10,257 [WARN] DbBoards:127 - board STM32439I-EVAL2 has no document id list !
2025-09-29 21:33:10,258 [WARN] DbBoards:127 - board STM32F401C-DISCO has no document id list !
2025-09-29 21:33:10,258 [WARN] DbBoards:127 - board STM32F769I-DISC1 has no document id list !
2025-09-29 21:33:10,259 [WARN] DbBoards:127 - board STM32G474E-EVAL1 has no document id list !
2025-09-29 21:33:10,259 [WARN] DbBoards:127 - board STM32H743I-EVAL2 has no document id list !
2025-09-29 21:33:10,259 [WARN] DbBoards:127 - board STM32H747I-DISC1 has no document id list !
2025-09-29 21:33:10,259 [WARN] DbBoards:127 - board STM32H753I-EVAL2 has no document id list !
2025-09-29 21:33:10,259 [WARN] DbBoards:127 - board STM32L-DISCOVERY has no document id list !
2025-09-29 21:33:10,391 [ERROR] DbBoards:189 - Image file not found for board B-U585I-IOT02A: C:\ST\STM32CubeIDE_1.7.0\STM32CubeIDE\plugins\com.st.stm32cube.common.mx_6.3.0.202107141111\\db\/plugins/mcufinder/images/boards/B-U585I-IOT02A_small.jpg
2025-09-29 21:33:10,481 [ERROR] DbBoards:189 - Image file not found for board NUCLEO-F413ZH: C:\ST\STM32CubeIDE_1.7.0\STM32CubeIDE\plugins\com.st.stm32cube.common.mx_6.3.0.202107141111\\db\/plugins/mcufinder/images/boards/nucleo-f413zh_small.jpg
2025-09-29 21:33:10,682 [ERROR] DbBoards:189 - Image file not found for board NUCLEO-L552ZE-Q: C:\ST\STM32CubeIDE_1.7.0\STM32CubeIDE\plugins\com.st.stm32cube.common.mx_6.3.0.202107141111\\db\/plugins/mcufinder/images/boards/nucleo_l552ze_q_small.jpg
2025-09-29 21:33:10,682 [ERROR] DbBoards:189 - Image file not found for board NUCLEO-U575ZI-Q: C:\ST\STM32CubeIDE_1.7.0\STM32CubeIDE\plugins\com.st.stm32cube.common.mx_6.3.0.202107141111\\db\/plugins/mcufinder/images/boards/nucleo-u575zi-q_small.jpg
2025-09-29 21:33:10,682 [ERROR] DbBoards:189 - Image file not found for board NUCLEO-WB15CC: C:\ST\STM32CubeIDE_1.7.0\STM32CubeIDE\plugins\com.st.stm32cube.common.mx_6.3.0.202107141111\\db\/plugins/mcufinder/images/boards/nucleo-wb15cc_small.jpg
2025-09-29 21:33:10,682 [ERROR] DbBoards:189 - Image file not found for board NUCLEO-WB55RG: C:\ST\STM32CubeIDE_1.7.0\STM32CubeIDE\plugins\com.st.stm32cube.common.mx_6.3.0.202107141111\\db\/plugins/mcufinder/images/boards/nucleo-wb55rg_small.jpg
2025-09-29 21:33:12,064 [INFO] ApiDb:251 - Load user favorites file C:\Users\User/.stm32cubeide/favorites.boards.txt: 0 item(s)
2025-09-29 21:33:12,065 [INFO] ApiDb:255 - User favorites Boards=[]
2025-09-29 21:33:12,065 [INFO] DbBoards:206 - Set 0 / 0 favorites Boards
2025-09-29 21:33:16,615 [INFO] DbMcusDocs:143 - JSON generation date=Tue Nov 16 23:17:54 ICT 2021 (1637079474)
2025-09-29 21:33:16,965 [INFO] DbMcusDocs:79 - Found 682 MCUs documents
2025-09-29 21:33:24,371 [INFO] MainUpdater:2671 - connection check result : 10
2025-09-29 21:33:24,372 [INFO] MainUpdater:2671 - connection check result : 10
2025-09-29 21:33:24,431 [INFO] MicroXplorer:448 - Change Database Path : 
2025-09-29 21:33:24,432 [INFO] MicroXplorer:478 - Change Database Version : DB.6.0.30
2025-09-29 21:33:24,432 [WARN] ThirdParty:813 - waiting for thirdparty lock release [close project]
2025-09-29 21:33:24,433 [INFO] ThirdParty:815 - entering critical section [close project]
2025-09-29 21:33:24,434 [INFO] ThirdParty:825 - exiting critical section [close project]
2025-09-29 21:33:24,440 [INFO] PinOutPanel:1463 - setPackage(No Configuration,No Configuration)
2025-09-29 21:33:24,442 [INFO] UtilMem:74 - Begin LoadConfig() Used Memory: 471859520 Bytes (725614592)
2025-09-29 21:33:24,444 [INFO] MicroXplorer:448 - Change Database Path : 
2025-09-29 21:33:24,444 [INFO] MicroXplorer:478 - Change Database Version : DB.6.0.30
2025-09-29 21:33:24,444 [INFO] OpenFileManager:313 - Change cursor
2025-09-29 21:33:25,120 [INFO] Context:592 - Trying to add GPIOservice into a context  which must be forbidden
2025-09-29 21:33:25,285 [INFO] ImportTextPane:167 - (OptionalMessage_ERROR) Unable to find key (Mcu.ThirdPartyNb) in loaded IOC file
2025-09-29 21:33:25,286 [INFO] ImportTextPane:167 - (OptionalMessage_ERROR) Unable to find key (Mcu.PinsNb) in loaded IOC file
2025-09-29 21:33:25,286 [INFO] ImportTextPane:167 - (OptionalMessage_ERROR) Unable to find key (Mcu.IPNb) in loaded IOC file
2025-09-29 21:33:25,344 [WARN] ApiManager:304 - Cannot register API 'Board Extension:PM33A1' from pack STMicroelectronics.X-CUBE-PM33A1.1.0.0: no header file found
2025-09-29 21:33:25,349 [WARN] ApiManager:304 - Cannot register API 'Board Extension:NFC09A1' from pack STMicroelectronics.X-CUBE-NFC9.1.0.0: no header file found
2025-09-29 21:33:25,358 [WARN] ApiManager:304 - Cannot register API 'Wireless:BlueNRG-MS' from pack STMicroelectronics.X-CUBE-BLE1.7.1.0: no header file found
2025-09-29 21:33:25,361 [WARN] ApiManager:304 - Cannot register API 'Board Extension:EEPRMA2' from pack STMicroelectronics.X-CUBE-EEPRMA1.5.2.0: no header file found
2025-09-29 21:33:25,361 [WARN] ApiManager:304 - Cannot register API 'Board Extension:PGEEZ1' from pack STMicroelectronics.X-CUBE-EEPRMA1.5.2.0: no header file found
2025-09-29 21:33:25,361 [WARN] ApiManager:304 - Cannot register API 'Board Extension:EEICA1' from pack STMicroelectronics.X-CUBE-EEPRMA1.5.2.0: no header file found
2025-09-29 21:33:25,362 [WARN] ApiManager:304 - Cannot register API 'Board Part:M24' from pack STMicroelectronics.X-CUBE-EEPRMA1.5.2.0: no header file found
2025-09-29 21:33:25,362 [WARN] ApiManager:304 - Cannot register API 'Board Part:M95' from pack STMicroelectronics.X-CUBE-EEPRMA1.5.2.0: no header file found
2025-09-29 21:33:25,362 [WARN] ApiManager:304 - Cannot register API 'Board Part:M95P32' from pack STMicroelectronics.X-CUBE-EEPRMA1.5.2.0: no header file found
2025-09-29 21:33:25,362 [WARN] ApiManager:304 - Cannot register API 'Board Part:M24256E-F' from pack STMicroelectronics.X-CUBE-EEPRMA1.5.2.0: no header file found
2025-09-29 21:33:25,362 [WARN] ApiManager:304 - Cannot register API 'Board Part:M24M01E-F' from pack STMicroelectronics.X-CUBE-EEPRMA1.5.2.0: no header file found
2025-09-29 21:33:25,362 [WARN] ApiManager:304 - Cannot register API 'PGEEZ1:SPI' from pack STMicroelectronics.X-CUBE-EEPRMA1.5.2.0: no header file found
2025-09-29 21:33:25,362 [WARN] ApiManager:304 - Cannot register API 'PGEEZ1:QDSPI' from pack STMicroelectronics.X-CUBE-EEPRMA1.5.2.0: no header file found
2025-09-29 21:33:25,365 [WARN] ApiManager:304 - Cannot register API 'Board Extension:GNSS1A1' from pack STMicroelectronics.X-CUBE-GNSS1.7.0.1: no header file found
2025-09-29 21:33:25,365 [WARN] ApiManager:304 - Cannot register API 'Board Support:Custom' from pack STMicroelectronics.X-CUBE-GNSS1.7.0.1: no header file found
2025-09-29 21:33:25,365 [WARN] ApiManager:304 - Cannot register API 'Data Exchange:lib_gnss' from pack STMicroelectronics.X-CUBE-GNSS1.7.0.1: no header file found
2025-09-29 21:33:25,366 [WARN] ApiManager:304 - Cannot register API 'Board Extension:NFC12A1' from pack STMicroelectronics.X-CUBE-NFC12.1.0.0: no header file found
2025-09-29 21:33:25,386 [WARN] ApiManager:304 - Cannot register API 'Board Extension:NFC06A1' from pack STMicroelectronics.X-CUBE-NFC6.3.1.0: no header file found
2025-09-29 21:33:25,386 [WARN] ApiManager:304 - Cannot register API 'Board Extension:NFC08A1' from pack STMicroelectronics.X-CUBE-NFC6.3.1.0: no header file found
2025-09-29 21:33:25,387 [INFO] RtosManager:484 - Registered RTOS mode: class=CMSIS, group=RTOS, mode=CMSIS_V1, owner=FREERTOS
2025-09-29 21:33:25,388 [INFO] RtosManager:484 - Registered RTOS mode: class=CMSIS, group=RTOS2, mode=CMSIS_V2, owner=FREERTOS
2025-09-29 21:33:25,388 [INFO] RtosManager:484 - Registered RTOS mode: class=RTOS, group=Core, mode=CMSIS_V1, owner=FREERTOS
2025-09-29 21:33:25,388 [INFO] RtosManager:484 - Registered RTOS mode: class=RTOS, group=Core, mode=CMSIS_V2, owner=FREERTOS
2025-09-29 21:33:25,388 [WARN] ModelIntegratedComponent:181 - Missing modes for component STMicroelectronics:FreeRTOS:0.0.1:STMicroelectronics:RTOS:FreeRTOS:Core:::10.2.0:
2025-09-29 21:33:25,390 [WARN] ApiManager:304 - Cannot register API 'Board Extension:STSAFEA1' from pack STMicroelectronics.X-CUBE-SAFEA1.1.2.2: no header file found
2025-09-29 21:33:25,390 [WARN] ApiManager:304 - Cannot register API 'Board Part:STSAFEA110' from pack STMicroelectronics.X-CUBE-SAFEA1.1.2.2: no header file found
2025-09-29 21:33:25,390 [WARN] ApiManager:304 - Cannot register API 'Security:ST_Cryptolib' from pack STMicroelectronics.X-CUBE-SAFEA1.1.2.2: no header file found
2025-09-29 21:33:25,390 [WARN] ApiManager:304 - Cannot register API 'Security:MbedTLS' from pack STMicroelectronics.X-CUBE-SAFEA1.1.2.2: no header file found
2025-09-29 21:33:25,390 [WARN] ApiManager:304 - Cannot register API 'Board Extension:NFC04A1' from pack STMicroelectronics.X-CUBE-NFC4.3.0.0: no header file found
2025-09-29 21:33:25,394 [WARN] ApiManager:304 - Cannot register API 'Board Extension:S2868A1' from pack STMicroelectronics.X-CUBE-SUBG2.5.0.0: no header file found
2025-09-29 21:33:25,394 [WARN] ApiManager:304 - Cannot register API 'Board Extension:S2868A2' from pack STMicroelectronics.X-CUBE-SUBG2.5.0.0: no header file found
2025-09-29 21:33:25,394 [WARN] ApiManager:304 - Cannot register API 'Board Extension:S2915A1' from pack STMicroelectronics.X-CUBE-SUBG2.5.0.0: no header file found
2025-09-29 21:33:25,398 [WARN] ApiManager:304 - Cannot register API 'Wireless:STM32WB05N' from pack STMicroelectronics.X-CUBE-WB05N.2.0.0: no header file found
2025-09-29 21:33:25,403 [WARN] ApiManager:304 - Cannot register API 'Board Extension:NFC07A1' from pack STMicroelectronics.X-CUBE-NFC7.2.0.0: no header file found
2025-09-29 21:33:25,404 [WARN] ApiManager:304 - Cannot register API 'Board Extension:NFC10A1' from pack STMicroelectronics.X-CUBE-NFC10.1.0.0: no header file found
2025-09-29 21:33:25,405 [WARN] ModelIntegratedComponent:60 - No mode defined for component null
2025-09-29 21:33:25,405 [WARN] ModelIntegratedComponent:60 - No mode defined for component null
2025-09-29 21:33:25,406 [WARN] ModelIntegratedComponent:60 - No mode defined for component null
2025-09-29 21:33:25,406 [WARN] ModelIntegratedComponent:60 - No mode defined for component null
2025-09-29 21:33:25,406 [WARN] ModelIntegratedComponent:60 - No mode defined for component null
2025-09-29 21:33:25,406 [WARN] ModelIntegratedComponent:60 - No mode defined for component null
2025-09-29 21:33:25,406 [WARN] ModelIntegratedComponent:60 - No mode defined for component null
2025-09-29 21:33:25,406 [WARN] ModelIntegratedComponent:60 - No mode defined for component null
2025-09-29 21:33:25,406 [WARN] ModelIntegratedComponent:60 - No mode defined for component null
2025-09-29 21:33:25,406 [WARN] ModelIntegratedComponent:60 - No mode defined for component null
2025-09-29 21:33:25,406 [WARN] ModelIntegratedComponent:60 - No mode defined for component null
2025-09-29 21:33:25,406 [WARN] ModelIntegratedComponent:60 - No mode defined for component null
2025-09-29 21:33:25,406 [WARN] ModelIntegratedComponent:60 - No mode defined for component null
2025-09-29 21:33:25,406 [WARN] ModelIntegratedComponent:60 - No mode defined for component null
2025-09-29 21:33:25,406 [WARN] ModelIntegratedComponent:60 - No mode defined for component null
2025-09-29 21:33:25,406 [WARN] ModelIntegratedComponent:60 - No mode defined for component null
2025-09-29 21:33:25,406 [WARN] ModelIntegratedComponent:60 - No mode defined for component null
2025-09-29 21:33:25,406 [WARN] ModelIntegratedComponent:60 - No mode defined for component null
2025-09-29 21:33:25,406 [WARN] ModelIntegratedComponent:60 - No mode defined for component null
2025-09-29 21:33:25,407 [WARN] ModelIntegratedComponent:60 - No mode defined for component null
2025-09-29 21:33:25,407 [WARN] ModelIntegratedComponent:60 - No mode defined for component null
2025-09-29 21:33:25,407 [WARN] ModelIntegratedComponent:60 - No mode defined for component null
2025-09-29 21:33:25,407 [WARN] ModelIntegratedComponent:60 - No mode defined for component null
2025-09-29 21:33:25,407 [WARN] ModelIntegratedComponent:60 - No mode defined for component null
2025-09-29 21:33:25,407 [WARN] ModelIntegratedComponent:60 - No mode defined for component null
2025-09-29 21:33:25,407 [WARN] ModelIntegratedComponent:60 - No mode defined for component null
2025-09-29 21:33:25,407 [WARN] ModelIntegratedComponent:60 - No mode defined for component null
2025-09-29 21:33:25,407 [WARN] ModelIntegratedComponent:60 - No mode defined for component null
2025-09-29 21:33:25,407 [WARN] ModelIntegratedComponent:60 - No mode defined for component null
2025-09-29 21:33:25,407 [WARN] ModelIntegratedComponent:60 - No mode defined for component null
2025-09-29 21:33:25,407 [WARN] ModelIntegratedComponent:60 - No mode defined for component null
2025-09-29 21:33:25,409 [WARN] ApiManager:304 - Cannot register API 'Board Extension:SAFEA1' from pack STMicroelectronics.X-CUBE-STSE01.1.0.0: no header file found
2025-09-29 21:33:25,409 [WARN] ApiManager:304 - Cannot register API 'Board Extension:ESE01A1' from pack STMicroelectronics.X-CUBE-STSE01.1.0.0: no header file found
2025-09-29 21:33:25,409 [WARN] ApiManager:304 - Cannot register API 'Board Part:STSAFEA110' from pack STMicroelectronics.X-CUBE-STSE01.1.0.0: no header file found
2025-09-29 21:33:25,409 [WARN] ApiManager:304 - Cannot register API 'Board Part:STSAFEA120' from pack STMicroelectronics.X-CUBE-STSE01.1.0.0: no header file found
2025-09-29 21:33:25,409 [WARN] ApiManager:304 - Cannot register API 'Security:STM32_Cryptographic' from pack STMicroelectronics.X-CUBE-STSE01.1.0.0: no header file found
2025-09-29 21:33:25,409 [WARN] ApiManager:304 - Cannot register API 'Security:STSELib' from pack STMicroelectronics.X-CUBE-STSE01.1.0.0: no header file found
2025-09-29 21:33:25,605 [WARN] ApiManager:304 - Cannot register API 'Board Extension:IKS01A3' from pack STMicroelectronics.X-CUBE-MEMS1.11.3.0: no header file found
2025-09-29 21:33:25,605 [WARN] ApiManager:304 - Cannot register API 'Board Extension:IKS02A1' from pack STMicroelectronics.X-CUBE-MEMS1.11.3.0: no header file found
2025-09-29 21:33:25,605 [WARN] ApiManager:304 - Cannot register API 'Board Extension:IKS4A1' from pack STMicroelectronics.X-CUBE-MEMS1.11.3.0: no header file found
2025-09-29 21:33:25,618 [WARN] ApiManager:304 - Cannot register API 'Board Extension:S2868A1' from pack STMicroelectronics.X-CUBE-SFXS2LP1.4.0.0: no header file found
2025-09-29 21:33:25,618 [WARN] ApiManager:304 - Cannot register API 'Board Extension:S2868A2' from pack STMicroelectronics.X-CUBE-SFXS2LP1.4.0.0: no header file found
2025-09-29 21:33:25,618 [WARN] ApiManager:304 - Cannot register API 'Board Extension:S2915A1' from pack STMicroelectronics.X-CUBE-SFXS2LP1.4.0.0: no header file found
2025-09-29 21:33:25,619 [WARN] ApiManager:304 - Cannot register API 'Wireless:BlueNRG-2' from pack STMicroelectronics.X-CUBE-BLE2.3.3.0: no header file found
2025-09-29 21:33:27,479 [INFO] UtilMem:74 - End LoadConfig() Used Memory: 290887888 Bytes (725614592)
2025-09-29 21:33:27,481 [WARN] ThirdParty:779 - waiting for thirdparty lock release [change project]
2025-09-29 21:33:27,481 [INFO] ThirdParty:781 - entering critical section [change project]
2025-09-29 21:33:27,481 [INFO] ThirdParty:967 - CMSIS Pack Vendor :STMicroelectronics X-CUBE-PM33A1 1.0.0
2025-09-29 21:33:27,481 [INFO] ThirdParty:967 - CMSIS Pack Vendor :STMicroelectronics X-CUBE-NFC9 1.0.0
2025-09-29 21:33:27,481 [INFO] ThirdParty:967 - CMSIS Pack Vendor :STMicroelectronics USB_HOST 2.0.0
2025-09-29 21:33:27,481 [INFO] ThirdParty:967 - CMSIS Pack Vendor :STMicroelectronics X-CUBE-AZRTOS-F4 1.1.0
2025-09-29 21:33:27,482 [INFO] ThirdParty:967 - CMSIS Pack Vendor :STMicroelectronics FP-ATR-ASTRA1 2.0.2
2025-09-29 21:33:27,482 [INFO] ThirdParty:967 - CMSIS Pack Vendor :wolfSSL I-CUBE-wolfSSL 5.8.2
2025-09-29 21:33:27,482 [INFO] ThirdParty:967 - CMSIS Pack Vendor :STMicroelectronics X-CUBE-BLE1 7.1.0
2025-09-29 21:33:27,482 [INFO] ThirdParty:967 - CMSIS Pack Vendor :wolfSSL I-CUBE-wolfMQTT 1.19.2
2025-09-29 21:33:27,482 [INFO] ThirdParty:967 - CMSIS Pack Vendor :STMicroelectronics USB_DEVICE 3.0.0
2025-09-29 21:33:27,482 [INFO] ThirdParty:967 - CMSIS Pack Vendor :STMicroelectronics X-CUBE-ISPU 2.1.0
2025-09-29 21:33:27,482 [INFO] ThirdParty:967 - CMSIS Pack Vendor :STMicroelectronics X-CUBE-EEPRMA1 5.2.0
2025-09-29 21:33:27,482 [INFO] ThirdParty:967 - CMSIS Pack Vendor :STMicroelectronics X-CUBE-AZRTOS-WB 2.0.0
2025-09-29 21:33:27,482 [INFO] ThirdParty:967 - CMSIS Pack Vendor :STMicroelectronics X-CUBE-GNSS1 7.0.1
2025-09-29 21:33:27,482 [INFO] ThirdParty:967 - CMSIS Pack Vendor :STMicroelectronics X-CUBE-NFC12 1.0.0
2025-09-29 21:33:27,482 [INFO] ThirdParty:967 - CMSIS Pack Vendor :STMicroelectronics X-CUBE-AZRTOS-F7 1.1.0
2025-09-29 21:33:27,482 [INFO] ThirdParty:967 - CMSIS Pack Vendor :STMicroelectronics X-CUBE-AZRTOS-L5 2.0.0
2025-09-29 21:33:27,482 [INFO] ThirdParty:967 - CMSIS Pack Vendor :STMicroelectronics X-CUBE-TOUCHGFX 4.25.0
2025-09-29 21:33:27,482 [INFO] ThirdParty:967 - CMSIS Pack Vendor :STMicroelectronics USB_DEVICE 2.0.0
2025-09-29 21:33:27,482 [INFO] ThirdParty:967 - CMSIS Pack Vendor :STMicroelectronics X-CUBE-NFC6 3.1.0
2025-09-29 21:33:27,482 [INFO] ThirdParty:967 - CMSIS Pack Vendor :STMicroelectronics FreeRTOS 0.0.1
2025-09-29 21:33:27,482 [INFO] ThirdParty:967 - CMSIS Pack Vendor :STMicroelectronics X-CUBE-AZRTOS-G0 1.1.0
2025-09-29 21:33:27,482 [INFO] ThirdParty:967 - CMSIS Pack Vendor :STMicroelectronics X-CUBE-SAFEA1 1.2.2
2025-09-29 21:33:27,482 [INFO] ThirdParty:967 - CMSIS Pack Vendor :STMicroelectronics X-CUBE-NFC4 3.0.0
2025-09-29 21:33:27,482 [INFO] ThirdParty:967 - CMSIS Pack Vendor :STMicroelectronics X-CUBE-SUBG2 5.0.0
2025-09-29 21:33:27,482 [INFO] ThirdParty:967 - CMSIS Pack Vendor :STMicroelectronics X-CUBE-AZRTOS-H7RS 1.1.0
2025-09-29 21:33:27,482 [INFO] ThirdParty:967 - CMSIS Pack Vendor :STMicroelectronics lwIP 2.0.3
2025-09-29 21:33:27,482 [INFO] ThirdParty:967 - CMSIS Pack Vendor :STMicroelectronics USB_HOST 1.0.0
2025-09-29 21:33:27,483 [INFO] ThirdParty:967 - CMSIS Pack Vendor :STMicroelectronics X-CUBE-AZRTOS-G4 2.0.0
2025-09-29 21:33:27,483 [INFO] ThirdParty:967 - CMSIS Pack Vendor :STMicroelectronics X-CUBE-WB05N 2.0.0
2025-09-29 21:33:27,483 [INFO] ThirdParty:967 - CMSIS Pack Vendor :STMicroelectronics PDM2PCM 3.1.0
2025-09-29 21:33:27,483 [INFO] ThirdParty:967 - CMSIS Pack Vendor :STMicroelectronics PDM2PCM 3.3.0
2025-09-29 21:33:27,483 [INFO] ThirdParty:967 - CMSIS Pack Vendor :wolfSSL I-CUBE-wolfTPM 3.8.0
2025-09-29 21:33:27,483 [INFO] ThirdParty:967 - CMSIS Pack Vendor :STMicroelectronics X-CUBE-AZRTOS-H7 3.4.0
2025-09-29 21:33:27,483 [INFO] ThirdParty:967 - CMSIS Pack Vendor :wolfSSL I-CUBE-wolfSSH 1.4.20
2025-09-29 21:33:27,483 [INFO] ThirdParty:967 - CMSIS Pack Vendor :STMicroelectronics X-CUBE-NFC7 2.0.0
2025-09-29 21:33:27,483 [INFO] ThirdParty:967 - CMSIS Pack Vendor :STMicroelectronics FP-ATR-SIGFOX1 3.2.0
2025-09-29 21:33:27,483 [INFO] ThirdParty:967 - CMSIS Pack Vendor :STMicroelectronics X-CUBE-NFC10 1.0.0
2025-09-29 21:33:27,483 [INFO] ThirdParty:967 - CMSIS Pack Vendor :STMicroelectronics HAL Drivers 0.0.0
2025-09-29 21:33:27,483 [INFO] ThirdParty:967 - CMSIS Pack Vendor :STMicroelectronics MBEDTLS 2.16.2
2025-09-29 21:33:27,483 [INFO] ThirdParty:967 - CMSIS Pack Vendor :STMicroelectronics MBEDTLS 2.14.1
2025-09-29 21:33:27,483 [INFO] ThirdParty:967 - CMSIS Pack Vendor :STMicroelectronics X-CUBE-STSE01 1.0.0
2025-09-29 21:33:27,483 [INFO] ThirdParty:967 - CMSIS Pack Vendor :STMicroelectronics X-CUBE-AZRTOS-WL 2.0.0
2025-09-29 21:33:27,483 [INFO] ThirdParty:967 - CMSIS Pack Vendor :SEGGER I-CUBE-embOS 1.3.1
2025-09-29 21:33:27,484 [INFO] ThirdParty:967 - CMSIS Pack Vendor :STMicroelectronics X-CUBE-ALGOBUILD 1.4.0
2025-09-29 21:33:27,484 [INFO] ThirdParty:967 - CMSIS Pack Vendor :STMicroelectronics X-CUBE-MEMS1 11.3.0
2025-09-29 21:33:27,484 [INFO] ThirdParty:967 - CMSIS Pack Vendor :STMicroelectronics USB_DEVICE 1.0.0
2025-09-29 21:33:27,484 [INFO] ThirdParty:967 - CMSIS Pack Vendor :STMicroelectronics X-CUBE-AZRTOS-L4 2.0.0
2025-09-29 21:33:27,484 [INFO] ThirdParty:967 - CMSIS Pack Vendor :STMicroelectronics ThreadX 0.0.2
2025-09-29 21:33:27,484 [INFO] ThirdParty:967 - CMSIS Pack Vendor :STMicroelectronics lwIP 2.1.2
2025-09-29 21:33:27,484 [INFO] ThirdParty:967 - CMSIS Pack Vendor :STMicroelectronics X-CUBE-SFXS2LP1 4.0.0
2025-09-29 21:33:27,484 [INFO] ThirdParty:967 - CMSIS Pack Vendor :STMicroelectronics X-CUBE-BLE2 3.3.0
2025-09-29 21:33:27,484 [INFO] ThirdParty:967 - CMSIS Pack Vendor :STMicroelectronics PDM2PCM 3.2.0
2025-09-29 21:33:27,484 [INFO] ThirdParty:787 - exiting critical section [change project]
2025-09-29 21:33:27,738 [INFO] PinOutPanel:1463 - setPackage(No Configuration,No Configuration)
2025-09-29 21:33:27,739 [INFO] PinOutPanel:1463 - setPackage(STM32F103C6Ux,UFQFPN48)
2025-09-29 21:33:28,145 [INFO] UtilMem:74 - Before build in PCC Used Memory: 273656560 Bytes (725614592)
2025-09-29 21:33:28,702 [INFO] UtilMem:74 - After build in PCC Used Memory: 351773424 Bytes (725614592)
2025-09-29 21:33:28,737 [INFO] IPUIPlugin:74 - create IPUIPlugin
2025-09-29 21:33:28,737 [INFO] IPUIPlugin:74 - create IPUIPlugin
2025-09-29 21:33:28,737 [INFO] IPUIPlugin:74 - create IPUIPlugin
2025-09-29 21:33:28,738 [INFO] IPUIPlugin:74 - create IPUIPlugin
2025-09-29 21:33:28,738 [INFO] IPUIPlugin:74 - create IPUIPlugin
2025-09-29 21:33:28,738 [INFO] IPUIPlugin:74 - create IPUIPlugin
2025-09-29 21:33:28,738 [INFO] IPUIPlugin:74 - create IPUIPlugin
2025-09-29 21:33:28,738 [INFO] IPUIPlugin:74 - create IPUIPlugin
2025-09-29 21:33:28,738 [INFO] IPUIPlugin:74 - create IPUIPlugin
2025-09-29 21:33:28,739 [INFO] IPUIPlugin:74 - create IPUIPlugin
2025-09-29 21:33:28,740 [INFO] IPUIPlugin:74 - create IPUIPlugin
2025-09-29 21:33:28,740 [INFO] IPUIPlugin:74 - create IPUIPlugin
2025-09-29 21:33:28,740 [INFO] IPUIPlugin:74 - create IPUIPlugin
2025-09-29 21:33:28,741 [INFO] IPUIPlugin:74 - create IPUIPlugin
2025-09-29 21:33:28,741 [INFO] IPUIPlugin:74 - create IPUIPlugin
2025-09-29 21:33:28,741 [INFO] IPUIPlugin:74 - create IPUIPlugin
2025-09-29 21:33:28,742 [INFO] IPUIPlugin:74 - create IPUIPlugin
2025-09-29 21:33:28,742 [INFO] IPUIPlugin:74 - create IPUIPlugin
2025-09-29 21:33:28,742 [INFO] IPUIPlugin:74 - create IPUIPlugin
2025-09-29 21:33:28,743 [INFO] IPUIPlugin:74 - create IPUIPlugin
2025-09-29 21:33:28,743 [INFO] IPUIPlugin:74 - create IPUIPlugin
2025-09-29 21:33:28,744 [INFO] IPUIPlugin:74 - create IPUIPlugin
2025-09-29 21:33:28,744 [INFO] IPUIPlugin:74 - create IPUIPlugin
2025-09-29 21:33:28,873 [INFO] OpenFileManager:333 - Restore cursor
2025-09-29 21:33:29,135 [INFO] UtilMem:74 - End SaveConfig() Used Memory: 416262896 Bytes (725614592)
2025-09-29 21:33:29,197 [INFO] UtilMem:74 - End SaveConfig() Used Memory: 429894384 Bytes (725614592)
2025-09-29 21:33:29,466 [INFO] BlockDiagram:2740 - set Specific Code input for plugin: NVIC
2025-09-29 21:33:29,466 [INFO] BlockDiagram:2740 - set Specific Code input for plugin: SYS
2025-09-29 21:33:29,466 [INFO] BlockDiagram:2740 - set Specific Code input for plugin: RCC
2025-09-29 21:33:29,467 [INFO] CodeGenerator:663 - code generatio: config db path: C:\ST\STM32CubeIDE_1.7.0\STM32CubeIDE\plugins\com.st.stm32cube.common.mx_6.3.0.202107141111\\db\
2025-09-29 21:33:29,701 [INFO] CodeEngine:239 - oldGeneratedFile, D:\VXL_VDK_Lab\Lab 1\STM32\lab1\MXTmpFiles\license.tmp_save
2025-09-29 21:33:30,089 [INFO] CodeEngine:257 - Generated code: D:\VXL_VDK_Lab\Lab 1\STM32\lab1\MXTmpFiles\license.tmp
2025-09-29 21:33:30,175 [INFO] CodeEngine:239 - oldGeneratedFile, D:\VXL_VDK_Lab\Lab 1\STM32\lab1\Core\Src\stm32f1xx_it.c_save
2025-09-29 21:33:30,389 [INFO] CodeEngine:257 - Generated code: D:\VXL_VDK_Lab\Lab 1\STM32\lab1\Core\Src\stm32f1xx_it.c
2025-09-29 21:33:30,393 [INFO] CodeEngine:239 - oldGeneratedFile, D:\VXL_VDK_Lab\Lab 1\STM32\lab1\Core\Inc\stm32f1xx_it.h_save
2025-09-29 21:33:30,483 [INFO] CodeEngine:257 - Generated code: D:\VXL_VDK_Lab\Lab 1\STM32\lab1\Core\Inc\stm32f1xx_it.h
2025-09-29 21:33:30,490 [INFO] CodeEngine:239 - oldGeneratedFile, D:\VXL_VDK_Lab\Lab 1\STM32\lab1\Core\Src\stm32f1xx_hal_msp.c_save
2025-09-29 21:33:30,612 [INFO] CodeEngine:257 - Generated code: D:\VXL_VDK_Lab\Lab 1\STM32\lab1\Core\Src\stm32f1xx_hal_msp.c
2025-09-29 21:33:30,615 [INFO] CodeEngine:239 - oldGeneratedFile, D:\VXL_VDK_Lab\Lab 1\STM32\lab1\MXTmpFiles\system.tmp_save
2025-09-29 21:33:30,662 [INFO] CodeEngine:257 - Generated code: D:\VXL_VDK_Lab\Lab 1\STM32\lab1\MXTmpFiles\system.tmp
2025-09-29 21:33:30,667 [INFO] CodeEngine:239 - oldGeneratedFile, D:\VXL_VDK_Lab\Lab 1\STM32\lab1\Core\Inc\stm32f1xx_hal_conf.h_save
2025-09-29 21:33:30,824 [INFO] CodeEngine:257 - Generated code: D:\VXL_VDK_Lab\Lab 1\STM32\lab1\Core\Inc\stm32f1xx_hal_conf.h
2025-09-29 21:33:30,894 [INFO] CodeEngine:239 - oldGeneratedFile, D:\VXL_VDK_Lab\Lab 1\STM32\lab1\Core\Inc\main.h_save
2025-09-29 21:33:31,025 [INFO] CodeEngine:257 - Generated code: D:\VXL_VDK_Lab\Lab 1\STM32\lab1\Core\Inc\main.h
2025-09-29 21:33:31,029 [INFO] CodeEngine:239 - oldGeneratedFile, D:\VXL_VDK_Lab\Lab 1\STM32\lab1\Core\Src\main.c_save
2025-09-29 21:33:31,226 [INFO] CodeEngine:257 - Generated code: D:\VXL_VDK_Lab\Lab 1\STM32\lab1\Core\Src\main.c
2025-09-29 21:33:31,806 [INFO] ProjectBuilder:2578 - Time for Copy HAL[1] : 99mS.
2025-09-29 21:33:31,813 [INFO] ProjectBuilder:3622 - Project Generator version: 3.14.1
2025-09-29 21:33:32,229 [INFO] ConfigFileManager:1271 - The Die is : DIE412
2025-09-29 21:33:32,241 [INFO] ApiDbMcu:468 - Load IP Config File for FATFS
2025-09-29 21:33:32,274 [INFO] ApiDbMcu:468 - Load IP Config File for FREERTOS
2025-09-29 21:33:32,331 [INFO] ApiDbMcu:468 - Load IP Config File for USB_DEVICE
2025-09-29 21:33:35,290 [INFO] ProjectBuilder:3789 - Time for Generating toolchain IDE Files: 3477mS.
2025-09-29 21:33:35,290 [INFO] ProjectBuilder:2457 - Time for Copy CMSIS : 0mS.
2025-09-29 21:33:35,292 [INFO] ProjectBuilder:2457 - Time for Copy CMSIS : 0mS.
2025-09-29 21:33:35,820 [INFO] McuFinderGlobals:52 - Set McuFinderConnectedMode to true
2025-09-29 21:33:35,825 [INFO] ApiDb:276 - Save user favorites file C:\Users\User/.stm32cubeide/favorites.mcus.txt: 2 item(s)
2025-09-29 21:33:35,828 [INFO] ApiDb:280 - User favorites MCUs=[STM32F103C6Ux, STM32F103RBTx]
2025-09-29 21:33:46,125 [INFO] UtilMem:74 - End SaveConfig() Used Memory: 628998848 Bytes (814743552)
2025-09-29 21:33:47,631 [INFO] UtilMem:74 - End SaveConfig() Used Memory: 651949808 Bytes (814743552)
2025-09-29 21:33:50,901 [INFO] UtilMem:74 - End SaveConfig() Used Memory: 325575592 Bytes (814743552)
2025-09-29 21:33:51,166 [INFO] BlockDiagram:2740 - set Specific Code input for plugin: NVIC
2025-09-29 21:33:51,167 [INFO] BlockDiagram:2740 - set Specific Code input for plugin: SYS
2025-09-29 21:33:51,167 [INFO] BlockDiagram:2740 - set Specific Code input for plugin: RCC
2025-09-29 21:33:51,168 [INFO] CodeGenerator:663 - code generatio: config db path: C:\ST\STM32CubeIDE_1.7.0\STM32CubeIDE\plugins\com.st.stm32cube.common.mx_6.3.0.202107141111\\db\
2025-09-29 21:33:51,337 [INFO] CodeEngine:239 - oldGeneratedFile, D:\VXL_VDK_Lab\Lab 1\STM32\lab1\MXTmpFiles\license.tmp_save
2025-09-29 21:33:51,386 [INFO] CodeEngine:257 - Generated code: D:\VXL_VDK_Lab\Lab 1\STM32\lab1\MXTmpFiles\license.tmp
2025-09-29 21:33:51,406 [INFO] CodeEngine:239 - oldGeneratedFile, D:\VXL_VDK_Lab\Lab 1\STM32\lab1\Core\Src\stm32f1xx_it.c_save
2025-09-29 21:33:51,472 [INFO] CodeEngine:257 - Generated code: D:\VXL_VDK_Lab\Lab 1\STM32\lab1\Core\Src\stm32f1xx_it.c
2025-09-29 21:33:51,476 [INFO] CodeEngine:239 - oldGeneratedFile, D:\VXL_VDK_Lab\Lab 1\STM32\lab1\Core\Inc\stm32f1xx_it.h_save
2025-09-29 21:33:51,525 [INFO] CodeEngine:257 - Generated code: D:\VXL_VDK_Lab\Lab 1\STM32\lab1\Core\Inc\stm32f1xx_it.h
2025-09-29 21:33:51,540 [INFO] CodeEngine:239 - oldGeneratedFile, D:\VXL_VDK_Lab\Lab 1\STM32\lab1\Core\Src\stm32f1xx_hal_msp.c_save
2025-09-29 21:33:51,611 [INFO] CodeEngine:257 - Generated code: D:\VXL_VDK_Lab\Lab 1\STM32\lab1\Core\Src\stm32f1xx_hal_msp.c
2025-09-29 21:33:51,613 [INFO] CodeEngine:239 - oldGeneratedFile, D:\VXL_VDK_Lab\Lab 1\STM32\lab1\MXTmpFiles\system.tmp_save
2025-09-29 21:33:51,670 [INFO] CodeEngine:257 - Generated code: D:\VXL_VDK_Lab\Lab 1\STM32\lab1\MXTmpFiles\system.tmp
2025-09-29 21:33:51,686 [INFO] CodeEngine:239 - oldGeneratedFile, D:\VXL_VDK_Lab\Lab 1\STM32\lab1\Core\Inc\stm32f1xx_hal_conf.h_save
2025-09-29 21:33:51,786 [INFO] CodeEngine:257 - Generated code: D:\VXL_VDK_Lab\Lab 1\STM32\lab1\Core\Inc\stm32f1xx_hal_conf.h
2025-09-29 21:33:51,838 [INFO] CodeEngine:239 - oldGeneratedFile, D:\VXL_VDK_Lab\Lab 1\STM32\lab1\Core\Inc\main.h_save
2025-09-29 21:33:51,906 [INFO] CodeEngine:257 - Generated code: D:\VXL_VDK_Lab\Lab 1\STM32\lab1\Core\Inc\main.h
2025-09-29 21:33:51,929 [INFO] CodeEngine:239 - oldGeneratedFile, D:\VXL_VDK_Lab\Lab 1\STM32\lab1\Core\Src\main.c_save
2025-09-29 21:33:52,096 [INFO] CodeEngine:257 - Generated code: D:\VXL_VDK_Lab\Lab 1\STM32\lab1\Core\Src\main.c
2025-09-29 21:33:52,797 [INFO] ProjectBuilder:2578 - Time for Copy HAL[1] : 80mS.
2025-09-29 21:33:52,800 [INFO] ProjectBuilder:3622 - Project Generator version: 3.14.1
2025-09-29 21:33:53,132 [INFO] ConfigFileManager:1271 - The Die is : DIE412
2025-09-29 21:33:54,519 [INFO] ProjectBuilder:3789 - Time for Generating toolchain IDE Files: 1719mS.
2025-09-29 21:33:54,520 [INFO] ProjectBuilder:2457 - Time for Copy CMSIS : 0mS.
2025-09-29 21:33:54,522 [INFO] ProjectBuilder:2457 - Time for Copy CMSIS : 0mS.
